['He', 'Ġtalked', 'Ġto', 'Ġher', 'Ġabout', 'Ġhis', 'Ġbook']
(12, 12, 7, 7)
tensor([[1544, 6619,  284,  607,  546,  465, 1492]])
['He', 'Ġtalked', 'Ġto', 'Ġher', 'Ġabout', 'Ġhis', 'Ġbook']
He talked to her about his book, and she said, "I'm not going to read it."

"I'm not going to read
[366 546  13 290  11]
, 11
[0.0401485413312912, 0.040581218898296356, 0.09016948193311691, 0.17388713359832764, 0.29512473940849304] [' "', ' about', '.', ' and', ',']
(12, 7, 7)
['She', 'Ġasked', 'Ġthe', 'Ġdoctor', 'Ġabout', 'Ġ', 'Ġback', 'ache']
(12, 12, 8, 8)
tensor([[3347, 1965,  262, 6253,  546,  220,  736, 4891]])
['She', 'Ġasked', 'Ġthe', 'Ġdoctor', 'Ġabout', 'Ġ', 'Ġback', 'ache']
She asked the doctor about  backache.

"I'm not sure what it is," he said.

"I'm not sure
[287 326 290  11  13]
. 13
[0.014007765799760818, 0.01769086718559265, 0.19496074318885803, 0.2631481885910034, 0.2983703017234802] [' in', ' that', ' and', ',', '.']
(12, 8, 8)
['The', 'Ġauthor', 'Ġtalked', 'Ġto', 'ĠSara', 'Ġabout', 'Ġhis']
(12, 12, 7, 7)
tensor([[  464,  1772,  6619,   284, 24799,   546,   465]])
['The', 'Ġauthor', 'Ġtalked', 'Ġto', 'ĠSara', 'Ġabout', 'Ġhis']
The author talked to Sara about his new book, "The Art of the Deal," and how he's been working on it for the past year.
[1492 6461  670 1998  649]
 new 649
[0.028614714741706848, 0.03573542460799217, 0.04063931480050087, 0.058560583740472794, 0.07229722291231155] [' book', ' experiences', ' work', ' experience', ' new']
(12, 7, 7)
['John', 'Ġtried', 'Ġto', 'Ġconvince', 'ĠMary', 'Ġof', 'Ġhis', 'Ġlove', 'Ġand', 'Ġbrought', 'Ġflowers', 'Ġfor', 'Ġ']
(12, 12, 13, 13)
tensor([[ 7554,  3088,   284, 11508,  5335,   286,   465,  1842,   290,  3181,
         12734,   329,   220]])
['John', 'Ġtried', 'Ġto', 'Ġconvince', 'ĠMary', 'Ġof', 'Ġhis', 'Ġlove', 'Ġand', 'Ġbrought', 'Ġflowers', 'Ġfor', 'Ġ']
John tried to convince Mary of his love and brought flowers for  him. Mary was so upset that she went to the bathroom and found a flower
[29343 37405   700  2602  1849]
  1849
[0.050905849784612656, 0.07283780723810196, 0.07834174484014511, 0.15181280672550201, 0.1646762490272522] ['_____', '_______', 'urn', '________', '\xa0']
(12, 13, 13)
['Mary', 'Ġconvinced', 'ĠJohn', 'Ġof', 'Ġ', 'Ġlove']
(12, 12, 6, 6)
tensor([[24119,  9431,  1757,   286,   220,  1842]])
['Mary', 'Ġconvinced', 'ĠJohn', 'Ġof', 'Ġ', 'Ġlove']
Mary convinced John of  love to go to the church. He was a good man, and he was a good man to John. He was a
[ 13 326  11 290 284]
 to 284
[0.04099726304411888, 0.045247770845890045, 0.09077755361795425, 0.1061369925737381, 0.1617087572813034] ['.', ' that', ',', ' and', ' to']
(12, 6, 6)
['Bar', 'ack', 'ĠObama', 'Ġwas', 'Ġthe', 'Ġpresident', 'Ġof', 'Ġthe']
(12, 12, 8, 8)
tensor([[10374,   441,  2486,   373,   262,  1893,   286,   262]])
['Bar', 'ack', 'ĠObama', 'Ġwas', 'Ġthe', 'Ġpresident', 'Ġof', 'Ġthe']
Barack Obama was the president of the United States. He was the first African-American president. He was the first African-American president of the
[1605 1294 2059  471 1578]
 United 1578
[0.010949015617370605, 0.01117664109915495, 0.012958109378814697, 0.016768144443631172, 0.7001751661300659] [' American', ' US', ' University', ' U', ' United']
(12, 8, 8)
['Art', 'ificial', 'Ġintelligence', 'Ġis', 'Ġthe', 'Ġfield', 'Ġof', 'Ġstudy', 'Ġthat']
(12, 12, 9, 9)
tensor([[8001, 9542, 4430,  318,  262, 2214,  286, 2050,  326]])
['Art', 'ificial', 'Ġintelligence', 'Ġis', 'Ġthe', 'Ġfield', 'Ġof', 'Ġstudy', 'Ġthat']
Artificial intelligence is the field of study that has been around for a while now. It is a field that has been around for a while now.
[356 338 481 318 468]
 has 468
[0.020955607295036316, 0.02701573073863983, 0.058255840092897415, 0.11895642429590225, 0.16830413043498993] [' we', "'s", ' will', ' is', ' has']
(12, 9, 9)
['Why', 'Ġis', 'Ġthe', 'Ġsky', 'Ġblue', '?']
(12, 12, 6, 6)
tensor([[5195,  318,  262, 6766, 4171,   30]])
['Why', 'Ġis', 'Ġthe', 'Ġsky', 'Ġblue', '?']
Why is the sky blue?

The sky blue is a color that is often associated with the sky. It is a color that is often associated
[4162 1148  383  632  198]

 198
[0.030485840514302254, 0.03160221874713898, 0.038786664605140686, 0.050055623054504395, 0.25601544976234436] [' Why', ' Is', ' The', ' It', '\n']
(12, 6, 6)
['If', 'ĠPaul', "'s", 'Ġwife', 'Ġis', 'ĠMary', ',', 'ĠMary', "'s", 'Ġhusband', 'Ġis']
(12, 12, 11, 11)
tensor([[1532, 3362,  338, 3656,  318, 5335,   11, 5335,  338, 5229,  318]])
['If', 'ĠPaul', "'s", 'Ġwife', 'Ġis', 'ĠMary', ',', 'ĠMary', "'s", 'Ġhusband', 'Ġis']
If Paul's wife is Mary, Mary's husband is Paul.

The Bible says that Paul is the son of Mary, and that Mary is
[7212  262 5803 1757 3362]
 Paul 3362
[0.037337325513362885, 0.043490536510944366, 0.04519609734416008, 0.04950356110930443, 0.14331436157226562] [' Joseph', ' the', ' Jesus', ' John', ' Paul']
(12, 11, 11)
['she', 'asked', 'the', 'doctor', 'about', '[MASK]', 'back', '##ache']
Previsão bruta da frase: . she asked the doctor, her back. the
Palavra na posição analisada (src): [MASK]
Target 1 (she) prob no src: 0.000008
Target 2 (doctor) prob no src: 0.000002
Top 5 value
Token: her             | prob: 0.623086 | id: 2014
Token: the             | prob: 0.184089 | id: 1996
Token: his             | prob: 0.171154 | id: 2010
Token: a               | prob: 0.011066 | id: 1037
Token: my              | prob: 0.003447 | id: 2026

-- Decisão do MASK: 'her' vs 'his' --
Probabilidade de 'her': 0.623086
Probabilidade de 'his': 0.171154
O modelo prefere 'her'?: True
['the', 'author', 'talked', 'to', 'sara', 'about', '[MASK]', 'book']
Previsão bruta da frase: . the author talked to sara about the book.
Palavra na posição analisada (src): [MASK]
Target 1 (author) prob no src: 0.000000
Target 2 (sara) prob no src: 0.000000
Top 5 value
Token: the             | prob: 0.484380 | id: 1996
Token: his             | prob: 0.355835 | id: 2010
Token: her             | prob: 0.121947 | id: 2014
Token: this            | prob: 0.017233 | id: 2023
Token: their           | prob: 0.009122 | id: 2037

-- Decisão do MASK: 'his' vs 'her' --
Probabilidade de 'his': 0.355835
Probabilidade de 'her': 0.121947
O modelo prefere 'his'?: True
['john', 'tried', 'to', 'convince', 'mary', 'of', 'his', 'love', 'and', 'brought', 'flowers', 'for', '[MASK]']
Previsão bruta da frase: . john tried to convince mary of his love and brought flowers for..
Palavra na posição analisada (src): [MASK]
Target 1 (john) prob no src: 0.000003
Target 2 (mary) prob no src: 0.000023
Top 5 value
Token: .               | prob: 0.924451 | id: 1012
Token: ;               | prob: 0.071539 | id: 1025
Token: ?               | prob: 0.001899 | id: 1029
Token: !               | prob: 0.000388 | id: 999
Token: |               | prob: 0.000281 | id: 1064

-- Decisão do MASK: 'her' vs 'him' --
Probabilidade de 'her': 0.000148
Probabilidade de 'him': 0.000035
O modelo prefere 'her'?: True
['mary', 'convinced', 'john', 'of', '[MASK]', 'love']
Previsão bruta da frase: . mary told john the her..
Palavra na posição analisada (src): [MASK]
Target 1 (mary) prob no src: 0.000005
Target 2 (john) prob no src: 0.000001
Top 5 value
Token: her             | prob: 0.654126 | id: 2014
Token: their           | prob: 0.158223 | id: 2037
Token: his             | prob: 0.100205 | id: 2010
Token: this            | prob: 0.029465 | id: 2023
Token: the             | prob: 0.020200 | id: 1996

-- Decisão do MASK: 'her' vs 'his' --
Probabilidade de 'her': 0.654126
Probabilidade de 'his': 0.100205
O modelo prefere 'her'?: True
['barack', 'obama', 'was', 'the', 'president', 'of', 'the', '[MASK]']
Previsão bruta da frase: . barack obama was the president the the..
Palavra na posição analisada (src): [MASK]
Target 1 (barack) prob no src: 0.000009
Target 2 (obama) prob no src: 0.000005
Top 5 value
Token: .               | prob: 0.591066 | id: 1012
Token: |               | prob: 0.237287 | id: 1064
Token: ;               | prob: 0.062146 | id: 1025
Token: ?               | prob: 0.054908 | id: 1029
Token: philippines     | prob: 0.015576 | id: 5137

-- Decisão do MASK: 'usa' vs 'us' --
Probabilidade de 'usa': 0.006817
Probabilidade de 'us': 0.000537
O modelo prefere 'usa'?: True
['artificial', 'intelligence', 'is', 'the', '[MASK]', 'of', 'study', 'that']
Previsão bruta da frase: . artificial intelligence is the field the study. the
Palavra na posição analisada (src): [MASK]
Target 1 (artificial) prob no src: 0.000000
Target 2 (intelligence) prob no src: 0.000000
Top 5 value
Token: field           | prob: 0.898542 | id: 2492
Token: area            | prob: 0.043925 | id: 2181
Token: subject         | prob: 0.013558 | id: 3395
Token: object          | prob: 0.008087 | id: 4874
Token: branch          | prob: 0.004487 | id: 3589

-- Decisão do MASK: 'field' vs 'area' --
Probabilidade de 'field': 0.898542
Probabilidade de 'area': 0.043925
O modelo prefere 'field'?: True
['why', 'is', 'the', 'sky', '[MASK]', '?']
Previsão bruta da frase: . why is the sky blue?.
Palavra na posição analisada (src): [MASK]
Target 1 (why) prob no src: 0.000004
Target 2 (sky) prob no src: 0.000231
Top 5 value
Token: blue            | prob: 0.354609 | id: 2630
Token: black           | prob: 0.086361 | id: 2304
Token: dark            | prob: 0.080213 | id: 2601
Token: clear           | prob: 0.070591 | id: 3154
Token: red             | prob: 0.036285 | id: 2417

-- Decisão do MASK: 'blue' vs 'dark' --
Probabilidade de 'blue': 0.354609
Probabilidade de 'dark': 0.080213
O modelo prefere 'blue'?: True
['if', 'paul', "'", 's', 'wife', 'is', 'mary', ',', 'mary', "'", 's', 'husband', 'is', '[MASK]']
Previsão bruta da frase: . if paul's wife is mary, mary's husband is..
Palavra na posição analisada (src): [MASK]
Target 1 (paul) prob no src: 0.000000
Target 2 (mary) prob no src: 0.000000
Top 5 value
Token: .               | prob: 0.944102 | id: 1012
Token: ;               | prob: 0.051034 | id: 1025
Token: ?               | prob: 0.002510 | id: 1029
Token: !               | prob: 0.002008 | id: 999
Token: ...             | prob: 0.000194 | id: 2133

-- Decisão do MASK: 'paul' vs 'mary' --
Probabilidade de 'paul': 0.000000
Probabilidade de 'mary': 0.000000
O modelo prefere 'paul'?: False
